<?xml version="1.0" encoding="UTF-8"?>
<!-- Generated by org.testng.reporters.JUnitXMLReporter -->
<testsuite ignored="0" hostname="DESKTOP-9JJ0T9Q" failures="0" tests="6" name="Test" time="369.207" errors="0" timestamp="2020-12-18T10:53:15 IST">
  <testcase classname="MultipleClasses_Excel.TestCase_1_ValidEmailidandPassword" name="ValidEmailandPassword" time="29.854"/>
  <testcase classname="MultipleClasses_Excel.TestCase_2_RegisteredEmailid" name="RegisteredEmail" time="28.35"/>
  <testcase classname="MultipleClasses_Excel.TestCase_5_EmptyPassword" name="EmptyPassword" time="20.476"/>
  <testcase classname="MultipleClasses_Excel.TestCase_3_InvalidEmailid" name="InvalidEmail" time="16.998"/>
  <testcase classname="MultipleClasses_Excel.TestCase_4_EmptyEmailid" name="EmptyEmailid" time="26.467"/>
  <testcase classname="MultipleClasses_Excel.TestCase_6_EmptyEmailidandPassword" name="EmptyEmailidandPassword" time="23.643"/>
</testsuite> <!-- Test -->
